22:02:29.920 [main] INFO  - Goto Upcomming Bikes Page --> Displays Details for Honda and price less than 4lac.. 
22:02:30.454 [main] INFO  - User --> Mouse hovers on New Bikes Section.. 
22:02:51.597 [main] INFO  - User --> Selects Upcoming Bikes from the dropdown.. 
22:02:52.185 [main] INFO  - User --> Only Filters the Manufacturer to 'Honda'..
22:02:52.477 [main] INFO  - User --> Clicks on the 'View More' Button..
22:02:52.938 [main] INFO  - User --> Filters Bikes a price less than 4Lac..
22:02:53.243 [main] TRACE - Loading type system org.apache.poi.schemas.ooxml.system.ooxml
22:02:53.245 [main] TRACE - Loading type system org.apache.xmlbeans.metadata.system.sXMLCONFIG
22:02:53.246 [main] TRACE - Loading type system org.apache.xmlbeans.metadata.system.sXMLLANG
22:02:53.246 [main] TRACE - Loading type system org.apache.xmlbeans.metadata.system.sXMLSCHEMA
22:02:53.247 [main] TRACE - Loading type system org.apache.xmlbeans.metadata.system.sXMLTOOLS
22:02:53.248 [main] TRACE - Reading unresolved handles for type system org.apache.xmlbeans.metadata.system.sXMLTOOLS
22:02:53.255 [main] TRACE - Finished loading type system org.apache.xmlbeans.metadata.system.sXMLTOOLS
22:02:53.256 [main] TRACE - Reading unresolved handles for type system org.apache.xmlbeans.metadata.system.sXMLSCHEMA
22:02:53.259 [main] TRACE - Finished loading type system org.apache.xmlbeans.metadata.system.sXMLSCHEMA
22:02:53.260 [main] TRACE - Reading unresolved handles for type system org.apache.xmlbeans.metadata.system.sXMLLANG
22:02:53.261 [main] TRACE - Finished loading type system org.apache.xmlbeans.metadata.system.sXMLLANG
22:02:53.262 [main] TRACE - Reading unresolved handles for type system org.apache.xmlbeans.metadata.system.sXMLCONFIG
22:02:53.262 [main] TRACE - Finished loading type system org.apache.xmlbeans.metadata.system.sXMLCONFIG
22:02:53.263 [main] TRACE - Reading unresolved handles for type system org.apache.poi.schemas.ooxml.system.ooxml
22:02:53.295 [main] TRACE - Finished loading type system org.apache.poi.schemas.ooxml.system.ooxml
22:02:53.295 [main] TRACE - Resolving type for handle ctworkbook83c3type
22:02:53.337 [main] TRACE - Resolving type for handle ctworkbookpr03a5type
22:02:53.342 [main] TRACE - Resolving type for handle ctbookviewsb864type
22:02:53.343 [main] TRACE - Resolving type for handle ctbookviewf677type
22:02:53.346 [main] TRACE - Resolving type for handle ctsheets49fdtype
22:02:53.348 [main] TRACE - Resolving type for handle propertiesee84doctype
22:02:53.348 [main] TRACE - Resolving type for handle ctproperties3f10type
22:02:53.352 [main] TRACE - Resolving type for handle properties288cdoctype
22:02:53.353 [main] TRACE - Resolving type for handle ctproperties2c18type
22:02:53.359 [main] TRACE - Resolving type for handle sstf81fdoctype
22:02:53.361 [main] TRACE - Resolving type for handle ctsst44f3type
22:02:53.365 [main] TRACE - Resolving type for handle stylesheet5d8bdoctype
22:02:53.366 [main] TRACE - Resolving type for handle ctstylesheet4257type
22:02:53.368 [main] TRACE - Resolving type for handle ctfont14d8type
22:02:53.373 [main] TRACE - Resolving type for handle ctfontsizeb3b9type
22:02:53.379 [main] TRACE - Resolving type for handle ctcolord2c2type
22:02:53.381 [main] TRACE - Resolving type for handle ctfontname2dc3type
22:02:53.383 [main] TRACE - Resolving type for handle stxstringf179type
22:02:53.387 [main] TRACE - Resolving type for handle ctfontfamily685ctype
22:02:53.389 [main] TRACE - Resolving type for handle stfontfamily9c6ctype
22:02:53.393 [main] TRACE - Resolving type for handle ctfontschemebf5dtype
22:02:53.395 [main] TRACE - Resolving type for handle stfontschemef36dtype
22:02:53.399 [main] TRACE - Resolving type for handle ctfill550ctype
22:02:53.401 [main] TRACE - Resolving type for handle ctpatternfill7452type
22:02:53.405 [main] TRACE - Resolving type for handle stpatterntype7939type
22:02:53.408 [main] TRACE - Resolving type for handle ctborderf935type
22:02:53.411 [main] TRACE - Resolving type for handle ctborderpre497type
22:02:53.415 [main] TRACE - Resolving type for handle ctxf97f7type
22:02:53.419 [main] TRACE - Resolving type for handle stnumfmtid76fbtype
22:02:53.420 [main] TRACE - Resolving type for handle stfontid9d63type
22:02:53.422 [main] TRACE - Resolving type for handle stfillida097type
22:02:53.423 [main] TRACE - Resolving type for handle stborderid1a80type
22:02:53.424 [main] TRACE - Resolving type for handle stcellstylexfid70c7type
22:02:53.427 [main] TRACE - Resolving type for handle ctsheet4dbetype
22:02:53.431 [main] TRACE - Resolving type for handle ctworksheet530dtype
22:02:53.436 [main] TRACE - Resolving type for handle ctsheetformatprdef7type
22:02:53.439 [main] TRACE - Resolving type for handle ctsheetviewsb918type
22:02:53.441 [main] TRACE - Resolving type for handle ctsheetview0f43type
22:02:53.445 [main] TRACE - Resolving type for handle ctsheetdimensiond310type
22:02:53.446 [main] TRACE - Resolving type for handle stref90a2type
22:02:53.447 [main] TRACE - Resolving type for handle ctsheetdata8408type
22:02:53.448 [main] TRACE - Resolving type for handle ctpagemargins5455type
22:02:53.452 [main] TRACE - Resolving type for handle ctcols627ctype
22:02:53.453 [main] TRACE - Resolving type for handle strelationshipid1e94type
22:02:53.454 [main] TRACE - Resolving type for handle ctrowdd39type
22:02:53.459 [main] TRACE - Resolving type for handle ctcell842btype
22:02:53.464 [main] TRACE - Resolving type for handle stcellrefe4e0type
22:02:53.465 [main] TRACE - Resolving type for handle ctrsta472type
22:02:53.467 [main] TRACE - Resolving type for handle stcelltypebf95type
22:02:53.484 [main] TRACE - Resolving type for handle ctnumfmtsb58btype
22:02:53.485 [main] TRACE - Resolving type for handle ctfonts6623type
22:02:53.488 [main] TRACE - Resolving type for handle ctfills2c6ftype
22:02:53.489 [main] TRACE - Resolving type for handle ctborders0d66type
22:02:53.490 [main] TRACE - Resolving type for handle ctcellxfs1322type
22:02:53.492 [main] TRACE - Resolving type for handle ctcellstylexfsa81ftype
22:02:53.503 [main] DEBUG - Save core properties part
22:02:53.503 [main] DEBUG - Save content types part
22:02:53.584 [main] DEBUG - Save package relationships
22:02:53.595 [main] DEBUG - Save part 'docProps/app.xml'
22:02:53.599 [main] DEBUG - Save part 'docProps/core.xml'
22:02:53.610 [main] DEBUG - Save part 'xl/sharedStrings.xml'
22:02:53.611 [main] DEBUG - Save part 'xl/styles.xml'
22:02:53.611 [main] DEBUG - Save part 'xl/workbook.xml'
22:02:53.613 [main] DEBUG - Save part 'xl/worksheets/sheet1.xml'
22:02:53.618 [main] DEBUG - Save content types part
22:02:53.620 [main] DEBUG - Save package relationships
22:02:53.622 [main] DEBUG - Save part 'docProps/app.xml'
22:02:53.623 [main] DEBUG - Save part 'docProps/core.xml'
22:02:53.625 [main] DEBUG - Save part 'xl/sharedStrings.xml'
22:02:53.625 [main] DEBUG - Save part 'xl/styles.xml'
22:02:53.625 [main] DEBUG - Save part 'xl/workbook.xml'
22:02:53.628 [main] DEBUG - Save part 'xl/worksheets/sheet1.xml'
22:02:53.668 [main] DEBUG - Parsing relationship: /xl/_rels/workbook.xml.rels
22:02:53.669 [main] DEBUG - Parsing relationship: /_rels/.rels
22:02:53.695 [main] TRACE - Resolving type for handle workbookec17doctype
22:02:53.697 [main] TRACE - Resolving type for handle worksheetf539doctype
22:02:53.710 [main] DEBUG - Save content types part
22:02:53.711 [main] DEBUG - Save package relationships
22:02:53.712 [main] DEBUG - Save part 'docProps/app.xml'
22:02:53.712 [main] DEBUG - Save part 'docProps/core.xml'
22:02:53.713 [main] DEBUG - Save part 'xl/sharedStrings.xml'
22:02:53.713 [main] DEBUG - Save part 'xl/styles.xml'
22:02:53.713 [main] DEBUG - Save part 'xl/workbook.xml'
22:02:53.714 [main] DEBUG - Save part 'xl/worksheets/sheet1.xml'
22:02:53.738 [main] DEBUG - Parsing relationship: /xl/_rels/workbook.xml.rels
22:02:53.738 [main] DEBUG - Parsing relationship: /_rels/.rels
22:02:53.754 [main] DEBUG - Save content types part
22:02:53.756 [main] DEBUG - Save package relationships
22:02:53.756 [main] DEBUG - Save part 'docProps/app.xml'
22:02:53.757 [main] DEBUG - Save part 'docProps/core.xml'
22:02:53.757 [main] DEBUG - Save part 'xl/sharedStrings.xml'
22:02:53.758 [main] DEBUG - Save part 'xl/styles.xml'
22:02:53.758 [main] DEBUG - Save part 'xl/workbook.xml'
22:02:53.759 [main] DEBUG - Save part 'xl/worksheets/sheet1.xml'
22:02:53.759 [main] INFO  - User --> Displays The details for Upcomming Bikes..
22:03:02.690 [main] INFO  - Goto 'Used Cars' Page --> Displays popular models in a List... 
22:03:03.247 [main] INFO  - User --> Mouse Hovers over the 'Used Cars' link Icon.. 
22:03:07.581 [main] INFO  - User --> Selects 'Chennai' from the dropdown... 
22:03:07.782 [main] INFO  - User --> Scroll-down to the list of 'Popular' Car Models... 
22:03:08.098 [main] INFO  - User --> Extract all the popular Car Models in a List... 
22:03:08.332 [main] DEBUG - Parsing relationship: /xl/_rels/workbook.xml.rels
22:03:08.332 [main] DEBUG - Parsing relationship: /_rels/.rels
22:03:08.354 [main] DEBUG - Save content types part
22:03:08.355 [main] DEBUG - Save package relationships
22:03:08.356 [main] DEBUG - Save part 'docProps/app.xml'
22:03:08.356 [main] DEBUG - Save part 'docProps/core.xml'
22:03:08.356 [main] DEBUG - Save part 'xl/sharedStrings.xml'
22:03:08.356 [main] DEBUG - Save part 'xl/styles.xml'
22:03:08.357 [main] DEBUG - Save part 'xl/workbook.xml'
22:03:08.357 [main] DEBUG - Save part 'xl/worksheets/sheet1.xml'
22:03:08.358 [main] DEBUG - Save part 'xl/worksheets/sheet2.xml'
22:03:08.358 [main] INFO  - User --> Displays the list of all the popular Car Models... 
22:03:18.370 [main] INFO  - Goto website --> Login with Invalid Google Account..Displays error message 
22:03:18.641 [main] INFO  - User --> Clicks on Login Icon.. 
22:03:19.043 [main] INFO  - User --> Clicks on Google.. 
22:03:19.412 [main] INFO  - User --> Switches to Login Frame.. 
22:03:21.162 [main] INFO  - User --> Providing email credentials...
22:03:23.165 [main] ERROR - Setting Email failed: null
22:03:23.284 [main] DEBUG - Parsing relationship: /xl/_rels/workbook.xml.rels
22:03:23.285 [main] DEBUG - Parsing relationship: /_rels/.rels
22:03:23.309 [main] DEBUG - Save content types part
22:03:23.311 [main] DEBUG - Save package relationships
22:03:23.312 [main] DEBUG - Save part 'docProps/app.xml'
22:03:23.312 [main] DEBUG - Save part 'docProps/core.xml'
22:03:23.313 [main] DEBUG - Save part 'xl/sharedStrings.xml'
22:03:23.313 [main] DEBUG - Save part 'xl/styles.xml'
22:03:23.314 [main] DEBUG - Save part 'xl/workbook.xml'
22:03:23.315 [main] DEBUG - Save part 'xl/worksheets/sheet1.xml'
22:03:23.315 [main] DEBUG - Save part 'xl/worksheets/sheet2.xml'
22:03:23.315 [main] DEBUG - Save part 'xl/worksheets/sheet3.xml'
22:03:23.342 [main] DEBUG - Parsing relationship: /xl/_rels/workbook.xml.rels
22:03:23.343 [main] DEBUG - Parsing relationship: /_rels/.rels
22:03:23.364 [main] DEBUG - Save content types part
22:03:23.365 [main] DEBUG - Save package relationships
22:03:23.366 [main] DEBUG - Save part 'docProps/app.xml'
22:03:23.366 [main] DEBUG - Save part 'docProps/core.xml'
22:03:23.368 [main] DEBUG - Save part 'xl/sharedStrings.xml'
22:03:23.368 [main] DEBUG - Save part 'xl/styles.xml'
22:03:23.368 [main] DEBUG - Save part 'xl/workbook.xml'
22:03:23.369 [main] DEBUG - Save part 'xl/worksheets/sheet1.xml'
22:03:23.369 [main] DEBUG - Save part 'xl/worksheets/sheet2.xml'
22:03:23.370 [main] DEBUG - Save part 'xl/worksheets/sheet3.xml'
22:03:23.370 [main] INFO  - User --> Displays error message.. 
